<?xml version="1.0" encoding="UTF-8"?>
<!-- Generated by org.testng.reporters.JUnitReportReporter -->
<testsuite skipped="1" hostname="DESKTOP-4FH0JDB" name="com.selenium.test.cases.WindowSwitchTests" tests="2" failures="0" timestamp="17 Sep 2022 01:15:53 GMT" time="17.229" errors="0">
  <testcase name="windowSwitchParentWindowTest" time="17.229" classname="com.selenium.test.cases.WindowSwitchTests"/>
  <testcase name="windowSwitcTest" classname="com.selenium.test.cases.WindowSwitchTests">
    <skipped/>
  </testcase> <!-- windowSwitcTest -->
</testsuite> <!-- com.selenium.test.cases.WindowSwitchTests -->
