<?xml version="1.0" encoding="UTF-8"?>
<!-- Generated by org.testng.reporters.JUnitReportReporter -->
<testsuite skipped="0" hostname="DESKTOP-4FH0JDB" name="com.selenium.test.cases.NewTest" tests="1" failures="0" timestamp="14 Sep 2022 00:52:10 GMT" time="3.700" errors="0">
  <testcase name="testCase1" time="3.700" classname="com.selenium.test.cases.NewTest"/>
</testsuite> <!-- com.selenium.test.cases.NewTest -->
