<?xml version="1.0" encoding="UTF-8"?>
<!-- Generated by org.testng.reporters.JUnitReportReporter -->
<testsuite skipped="0" hostname="DESKTOP-4FH0JDB" name="com.selenium.test.cases.SelectTests" tests="1" failures="0" timestamp="16 Sep 2022 01:33:33 GMT" time="49.823" errors="0">
  <testcase name="slectAndAction" time="49.823" classname="com.selenium.test.cases.SelectTests"/>
</testsuite> <!-- com.selenium.test.cases.SelectTests -->
