<?xml version="1.0" encoding="UTF-8"?>
<!-- Generated by org.testng.reporters.JUnitReportReporter -->
<testsuite skipped="3" hostname="DESKTOP-4FH0JDB" name="com.selenium.test.cases.AlertTests" tests="4" failures="0" timestamp="16 Sep 2022 00:37:08 GMT" time="13.950" errors="0">
  <testcase name="acceptAlertAfterAddingMessage" time="13.950" classname="com.selenium.test.cases.AlertTests"/>
  <testcase name="rejectAlert" classname="com.selenium.test.cases.AlertTests">
    <skipped/>
  </testcase> <!-- rejectAlert -->
  <testcase name="rejectAlertAfterAddingMessage" classname="com.selenium.test.cases.AlertTests">
    <skipped/>
  </testcase> <!-- rejectAlertAfterAddingMessage -->
  <testcase name="acceptAlertAfterAddingMessage2" classname="com.selenium.test.cases.AlertTests">
    <skipped/>
  </testcase> <!-- acceptAlertAfterAddingMessage2 -->
</testsuite> <!-- com.selenium.test.cases.AlertTests -->
